{
  "0 debug pnpm:scope": {
    "selected": 1,
    "workspacePrefix": null
  },
  "1 error pnpm": {
    "message": {
      "errno": 1,
      "code": "ELIFECYCLE",
      "pkgid": "media-tic@0.0.1",
      "stage": "start",
      "script": "node server.js",
      "pkgname": "media-tic"
    },
    "err": {
      "name": "Error",
      "message": "media-tic@0.0.1 start: `node server.js`\nExit status 1",
      "code": "ELIFECYCLE",
      "stack": "Error: media-tic@0.0.1 start: `node server.js`\nExit status 1\n    at EventEmitter.proc.on (/home/kenpb/.asdf/installs/nodejs/11.14.0/.npm/lib/node_modules/pnpm/lib/node_modules/@zkochan/npm-lifecycle/index.js:302:16)\n    at EventEmitter.emit (events.js:193:13)\n    at ChildProcess.<anonymous> (/home/kenpb/.asdf/installs/nodejs/11.14.0/.npm/lib/node_modules/pnpm/lib/node_modules/@zkochan/npm-lifecycle/lib/spawn.js:55:14)\n    at ChildProcess.emit (events.js:193:13)\n    at maybeClose (internal/child_process.js:999:16)\n    at Process.ChildProcess._handle.onexit (internal/child_process.js:266:5)"
    }
  }
}